<?xml version="1.0" encoding="UTF-8"?>
<!-- Generated by org.testng.reporters.JUnitReportReporter -->
<testsuite hostname="DESKTOP-G8HSDBH" failures="0" tests="1" name="Demo1.POSTRequest" time="2.984" errors="0" timestamp="2023-01-24T21:00:33 IST" skipped="0">
  <testcase classname="Demo1.POSTRequest" name="createResource" time="2.984"/>
  <system-out/>
</testsuite> <!-- Demo1.POSTRequest -->
