<?xml version="1.0" encoding="UTF-8"?>
<!-- Generated by org.testng.reporters.JUnitReportReporter -->
<testsuite hostname="DESKTOP-G8HSDBH" failures="0" tests="1" name="Demo1.GETRequest" time="3.429" errors="0" timestamp="2023-01-24T20:52:19 IST" skipped="0">
  <testcase classname="Demo1.GETRequest" name="verifyStatusCode" time="3.429"/>
  <system-out/>
</testsuite> <!-- Demo1.GETRequest -->
