<?xml version="1.0" encoding="UTF-8"?>
<!-- Generated by org.testng.reporters.JUnitReportReporter -->
<testsuite hostname="DESKTOP-G8HSDBH" failures="0" tests="3" name="Demo1.Create_Update_User2" time="4.246" errors="0" timestamp="2023-01-25T12:35:39 IST" skipped="0">
  <testcase classname="Demo1.Create_Update_User2" name="createResource" time="2.395"/>
  <system-out/>
  <testcase classname="Demo1.Create_Update_User2" name="updateResource" time="1.133"/>
  <system-out/>
  <testcase classname="Demo1.Create_Update_User2" name="deleteResource" time="0.718"/>
  <system-out/>
</testsuite> <!-- Demo1.Create_Update_User2 -->
