<?xml version="1.0" encoding="UTF-8"?>
<!-- Generated by org.testng.reporters.JUnitReportReporter -->
<testsuite hostname="DESKTOP-G8HSDBH" failures="0" tests="1" name="Demo2.Create_Update_Delete_User" time="2.615" errors="0" timestamp="2023-02-08T11:28:12 IST" skipped="0">
  <testcase classname="Demo2.Create_Update_Delete_User" name="createResource" time="2.615"/>
  <system-out/>
</testsuite> <!-- Demo2.Create_Update_Delete_User -->
