<?xml version="1.0" encoding="UTF-8"?>
<!-- Generated by org.testng.reporters.JUnitReportReporter -->
<testsuite hostname="DESKTOP-G8HSDBH" failures="0" tests="1" name="demo.UpdateUser" time="3.649" errors="0" timestamp="2023-01-17T11:06:02 IST" skipped="0">
  <testcase classname="demo.UpdateUser" name="updateResource" time="3.649"/>
  <system-out/>
</testsuite> <!-- demo.UpdateUser -->
