<?xml version="1.0" encoding="UTF-8"?>
<!-- Generated by org.testng.reporters.JUnitReportReporter -->
<testsuite hostname="DESKTOP-G8HSDBH" failures="0" tests="1" name="demo.OpenWeatherMap" time="4.421" errors="0" timestamp="2023-01-21T19:32:30 IST" skipped="0">
  <testcase classname="demo.OpenWeatherMap" name="getWeatherInfo" time="4.421"/>
  <system-out/>
</testsuite> <!-- demo.OpenWeatherMap -->
