<?xml version="1.0" encoding="UTF-8"?>
<!-- Generated by org.testng.reporters.JUnitReportReporter -->
<testsuite hostname="DESKTOP-G8HSDBH" failures="0" tests="1" name="demo.Annotations" time="0.012" errors="0" timestamp="2023-01-17T12:53:32 IST" skipped="0">
  <testcase classname="demo.Annotations" name="test" time="0.012"/>
  <system-out/>
</testsuite> <!-- demo.Annotations -->
