<?xml version="1.0" encoding="UTF-8"?>
<!-- Generated by org.testng.reporters.JUnitReportReporter -->
<testsuite hostname="DESKTOP-G8HSDBH" failures="0" tests="1" name="demo.ValidateCountryNameIsGreaterThan5Characters" time="3.254" errors="0" timestamp="2023-01-16T09:42:48 IST" skipped="0">
  <testcase classname="demo.ValidateCountryNameIsGreaterThan5Characters" name="validateNumberOfCharacters" time="3.254"/>
  <system-out/>
</testsuite> <!-- demo.ValidateCountryNameIsGreaterThan5Characters -->
