<?xml version="1.0" encoding="UTF-8"?>
<!-- Generated by org.testng.reporters.JUnitReportReporter -->
<testsuite hostname="DESKTOP-G8HSDBH" failures="0" tests="1" name="demo.POSTDemo" time="2.520" errors="0" timestamp="2023-01-10T11:18:52 IST" skipped="0">
  <testcase classname="demo.POSTDemo" name="createResource" time="2.520"/>
  <system-out/>
</testsuite> <!-- demo.POSTDemo -->
