<?xml version="1.0" encoding="UTF-8"?>
<!-- Generated by org.testng.reporters.JUnitReportReporter -->
<testsuite hostname="DESKTOP-G8HSDBH" failures="0" tests="1" name="demo.GETDemo" time="3.962" errors="0" timestamp="2023-01-24T19:48:44 IST" skipped="0">
  <testcase classname="demo.GETDemo" name="verifyStatusCode" time="3.962"/>
  <system-out/>
</testsuite> <!-- demo.GETDemo -->
