<?xml version="1.0" encoding="UTF-8"?>
<!-- Generated by org.testng.reporters.JUnitReportReporter -->
<testsuite hostname="DESKTOP-G8HSDBH" failures="0" tests="4" name="demo.Create_Update_Delete_User" time="6.221" errors="0" timestamp="2023-01-23T18:36:29 IST" skipped="0">
  <testcase classname="demo.Create_Update_Delete_User" name="createResource" time="2.821"/>
  <system-out/>
  <testcase classname="demo.Create_Update_Delete_User" name="verifyResourceHasBeenCreated" time="1.184"/>
  <system-out/>
  <testcase classname="demo.Create_Update_Delete_User" name="updateResource" time="1.126"/>
  <system-out/>
  <testcase classname="demo.Create_Update_Delete_User" name="deleteResource" time="1.090"/>
  <system-out/>
</testsuite> <!-- demo.Create_Update_Delete_User -->
