<?xml version="1.0" encoding="UTF-8"?>
<!-- Generated by org.testng.reporters.JUnitReportReporter -->
<testsuite hostname="DESKTOP-G8HSDBH" failures="0" tests="1" name="demo.GETDemo1" time="2.578" errors="0" timestamp="2023-01-23T18:57:09 IST" skipped="0">
  <testcase classname="demo.GETDemo1" name="verifyStatusCode" time="2.578"/>
  <system-out/>
</testsuite> <!-- demo.GETDemo1 -->
