<?xml version="1.0" encoding="UTF-8"?>
<!-- Generated by org.testng.reporters.JUnitReportReporter -->
<testsuite hostname="DESKTOP-G8HSDBH" failures="0" tests="1" name="demo.GETJapaninfo" time="3.024" errors="0" timestamp="2023-01-16T09:26:20 IST" skipped="0">
  <testcase classname="demo.GETJapaninfo" name="verifyCapitalOfJapan" time="3.024"/>
  <system-out/>
</testsuite> <!-- demo.GETJapaninfo -->
