<?xml version="1.0" encoding="UTF-8"?>
<!-- Generated by org.testng.reporters.JUnitReportReporter -->
<testsuite hostname="DESKTOP-G8HSDBH" failures="0" tests="4" name="demo.Create_Update_Delete_User1" time="10.692" errors="0" timestamp="2023-01-24T21:04:05 IST" skipped="0">
  <testcase classname="demo.Create_Update_Delete_User1" name="createResource" time="3.245"/>
  <system-out/>
  <testcase classname="demo.Create_Update_Delete_User1" name="verifyResourceHasBeenCreated" time="1.762"/>
  <system-out/>
  <testcase classname="demo.Create_Update_Delete_User1" name="updateResource" time="2.552"/>
  <system-out/>
  <testcase classname="demo.Create_Update_Delete_User1" name="deleteResource" time="3.133"/>
  <system-out/>
</testsuite> <!-- demo.Create_Update_Delete_User1 -->
