<?xml version="1.0" encoding="UTF-8"?>
<!-- Generated by org.testng.reporters.JUnitReportReporter -->
<testsuite hostname="DESKTOP-G8HSDBH" failures="0" tests="1" name="demo.CREATEResource" time="3.505" errors="0" timestamp="2023-01-17T10:50:32 IST" skipped="0">
  <testcase classname="demo.CREATEResource" name="createResource" time="3.505"/>
  <system-out/>
</testsuite> <!-- demo.CREATEResource -->
